[0.175s] DEBUG:colcon:Command line arguments: ['/usr/bin/colcon', 'build', '--symlink-install']
[0.175s] DEBUG:colcon:Parsed command line arguments: Namespace(allow_overriding=[], ament_cmake_args=None, base_paths=['.'], build_base='build', catkin_cmake_args=None, catkin_skip_building_tests=False, cmake_args=None, cmake_clean_cache=False, cmake_clean_first=False, cmake_force_configure=False, cmake_target=None, cmake_target_skip_unavailable=False, continue_on_error=False, event_handlers=None, executor='parallel', ignore_user_meta=False, install_base='install', log_base=None, log_level=None, main=<bound method BuildVerb.main of <colcon_core.verb.build.BuildVerb object at 0x7f3d73581040>>, merge_install=False, metas=['./colcon.meta'], packages_above=None, packages_above_and_dependencies=None, packages_above_depth=None, packages_end=None, packages_ignore=None, packages_ignore_regex=None, packages_select=None, packages_select_build_failed=False, packages_select_by_dep=None, packages_select_regex=None, packages_select_test_failures=False, packages_skip=None, packages_skip_build_finished=False, packages_skip_by_dep=None, packages_skip_regex=None, packages_skip_test_passed=False, packages_skip_up_to=None, packages_start=None, packages_up_to=None, packages_up_to_regex=None, parallel_workers=8, paths=None, symlink_install=True, test_result_base=None, verb_extension=<colcon_core.verb.build.BuildVerb object at 0x7f3d73581040>, verb_name='build', verb_parser=<colcon_defaults.argument_parser.defaults.DefaultArgumentsDecorator object at 0x7f3d735815b0>)
[0.200s] Level 1:colcon.colcon_core.package_discovery:discover_packages(colcon_meta) check parameters
[0.200s] Level 1:colcon.colcon_core.package_discovery:discover_packages(recursive) check parameters
[0.200s] Level 1:colcon.colcon_core.package_discovery:discover_packages(ignore) check parameters
[0.200s] Level 1:colcon.colcon_core.package_discovery:discover_packages(path) check parameters
[0.200s] Level 1:colcon.colcon_core.package_discovery:discover_packages(colcon_meta) discover
[0.200s] Level 1:colcon.colcon_core.package_discovery:discover_packages(recursive) discover
[0.200s] INFO:colcon.colcon_core.package_discovery:Crawling recursively for packages in '/home/kido/turtlebot3_ws'
[0.200s] Level 1:colcon.colcon_core.package_identification:_identify(.) by extensions ['ignore', 'ignore_ament_install']
[0.201s] Level 1:colcon.colcon_core.package_identification:_identify(.) by extension 'ignore'
[0.201s] Level 1:colcon.colcon_core.package_identification:_identify(.) by extension 'ignore_ament_install'
[0.201s] Level 1:colcon.colcon_core.package_identification:_identify(.) by extensions ['colcon_pkg']
[0.201s] Level 1:colcon.colcon_core.package_identification:_identify(.) by extension 'colcon_pkg'
[0.201s] Level 1:colcon.colcon_core.package_identification:_identify(.) by extensions ['colcon_meta']
[0.201s] Level 1:colcon.colcon_core.package_identification:_identify(.) by extension 'colcon_meta'
[0.201s] Level 1:colcon.colcon_core.package_identification:_identify(.) by extensions ['ros']
[0.201s] Level 1:colcon.colcon_core.package_identification:_identify(.) by extension 'ros'
[0.222s] Level 1:colcon.colcon_core.package_identification:_identify(.) by extensions ['cmake', 'python']
[0.222s] Level 1:colcon.colcon_core.package_identification:_identify(.) by extension 'cmake'
[0.223s] Level 1:colcon.colcon_core.package_identification:_identify(.) by extension 'python'
[0.223s] Level 1:colcon.colcon_core.package_identification:_identify(.) by extensions ['python_setup_py']
[0.223s] Level 1:colcon.colcon_core.package_identification:_identify(.) by extension 'python_setup_py'
[0.223s] Level 1:colcon.colcon_core.package_identification:_identify(build) by extensions ['ignore', 'ignore_ament_install']
[0.223s] Level 1:colcon.colcon_core.package_identification:_identify(build) by extension 'ignore'
[0.223s] Level 1:colcon.colcon_core.package_identification:_identify(build) ignored
[0.223s] Level 1:colcon.colcon_core.package_identification:_identify(install) by extensions ['ignore', 'ignore_ament_install']
[0.223s] Level 1:colcon.colcon_core.package_identification:_identify(install) by extension 'ignore'
[0.223s] Level 1:colcon.colcon_core.package_identification:_identify(install) ignored
[0.223s] Level 1:colcon.colcon_core.package_identification:_identify(log) by extensions ['ignore', 'ignore_ament_install']
[0.223s] Level 1:colcon.colcon_core.package_identification:_identify(log) by extension 'ignore'
[0.223s] Level 1:colcon.colcon_core.package_identification:_identify(log) ignored
[0.223s] Level 1:colcon.colcon_core.package_identification:_identify(src) by extensions ['ignore', 'ignore_ament_install']
[0.224s] Level 1:colcon.colcon_core.package_identification:_identify(src) by extension 'ignore'
[0.224s] Level 1:colcon.colcon_core.package_identification:_identify(src) by extension 'ignore_ament_install'
[0.224s] Level 1:colcon.colcon_core.package_identification:_identify(src) by extensions ['colcon_pkg']
[0.224s] Level 1:colcon.colcon_core.package_identification:_identify(src) by extension 'colcon_pkg'
[0.224s] Level 1:colcon.colcon_core.package_identification:_identify(src) by extensions ['colcon_meta']
[0.224s] Level 1:colcon.colcon_core.package_identification:_identify(src) by extension 'colcon_meta'
[0.224s] Level 1:colcon.colcon_core.package_identification:_identify(src) by extensions ['ros']
[0.224s] Level 1:colcon.colcon_core.package_identification:_identify(src) by extension 'ros'
[0.224s] Level 1:colcon.colcon_core.package_identification:_identify(src) by extensions ['cmake', 'python']
[0.224s] Level 1:colcon.colcon_core.package_identification:_identify(src) by extension 'cmake'
[0.224s] Level 1:colcon.colcon_core.package_identification:_identify(src) by extension 'python'
[0.224s] Level 1:colcon.colcon_core.package_identification:_identify(src) by extensions ['python_setup_py']
[0.224s] Level 1:colcon.colcon_core.package_identification:_identify(src) by extension 'python_setup_py'
[0.224s] Level 1:colcon.colcon_core.package_identification:_identify(src/turtlebot3_simulations) by extensions ['ignore', 'ignore_ament_install']
[0.224s] Level 1:colcon.colcon_core.package_identification:_identify(src/turtlebot3_simulations) by extension 'ignore'
[0.224s] Level 1:colcon.colcon_core.package_identification:_identify(src/turtlebot3_simulations) by extension 'ignore_ament_install'
[0.224s] Level 1:colcon.colcon_core.package_identification:_identify(src/turtlebot3_simulations) by extensions ['colcon_pkg']
[0.224s] Level 1:colcon.colcon_core.package_identification:_identify(src/turtlebot3_simulations) by extension 'colcon_pkg'
[0.224s] Level 1:colcon.colcon_core.package_identification:_identify(src/turtlebot3_simulations) by extensions ['colcon_meta']
[0.224s] Level 1:colcon.colcon_core.package_identification:_identify(src/turtlebot3_simulations) by extension 'colcon_meta'
[0.225s] Level 1:colcon.colcon_core.package_identification:_identify(src/turtlebot3_simulations) by extensions ['ros']
[0.225s] Level 1:colcon.colcon_core.package_identification:_identify(src/turtlebot3_simulations) by extension 'ros'
[0.225s] Level 1:colcon.colcon_core.package_identification:_identify(src/turtlebot3_simulations) by extensions ['cmake', 'python']
[0.225s] Level 1:colcon.colcon_core.package_identification:_identify(src/turtlebot3_simulations) by extension 'cmake'
[0.225s] Level 1:colcon.colcon_core.package_identification:_identify(src/turtlebot3_simulations) by extension 'python'
[0.225s] Level 1:colcon.colcon_core.package_identification:_identify(src/turtlebot3_simulations) by extensions ['python_setup_py']
[0.225s] Level 1:colcon.colcon_core.package_identification:_identify(src/turtlebot3_simulations) by extension 'python_setup_py'
[0.225s] Level 1:colcon.colcon_core.package_identification:_identify(src/turtlebot3_simulations/turtlebot3_fake_node) by extensions ['ignore', 'ignore_ament_install']
[0.225s] Level 1:colcon.colcon_core.package_identification:_identify(src/turtlebot3_simulations/turtlebot3_fake_node) by extension 'ignore'
[0.225s] Level 1:colcon.colcon_core.package_identification:_identify(src/turtlebot3_simulations/turtlebot3_fake_node) by extension 'ignore_ament_install'
[0.225s] Level 1:colcon.colcon_core.package_identification:_identify(src/turtlebot3_simulations/turtlebot3_fake_node) by extensions ['colcon_pkg']
[0.225s] Level 1:colcon.colcon_core.package_identification:_identify(src/turtlebot3_simulations/turtlebot3_fake_node) by extension 'colcon_pkg'
[0.225s] Level 1:colcon.colcon_core.package_identification:_identify(src/turtlebot3_simulations/turtlebot3_fake_node) by extensions ['colcon_meta']
[0.225s] Level 1:colcon.colcon_core.package_identification:_identify(src/turtlebot3_simulations/turtlebot3_fake_node) by extension 'colcon_meta'
[0.225s] Level 1:colcon.colcon_core.package_identification:_identify(src/turtlebot3_simulations/turtlebot3_fake_node) by extensions ['ros']
[0.225s] Level 1:colcon.colcon_core.package_identification:_identify(src/turtlebot3_simulations/turtlebot3_fake_node) by extension 'ros'
[0.260s] DEBUG:colcon.colcon_core.package_identification:Package 'src/turtlebot3_simulations/turtlebot3_fake_node' with type 'ros.ament_cmake' and name 'turtlebot3_fake_node'
[0.260s] Level 1:colcon.colcon_core.package_identification:_identify(src/turtlebot3_simulations/turtlebot3_gazebo) by extensions ['ignore', 'ignore_ament_install']
[0.260s] Level 1:colcon.colcon_core.package_identification:_identify(src/turtlebot3_simulations/turtlebot3_gazebo) by extension 'ignore'
[0.260s] Level 1:colcon.colcon_core.package_identification:_identify(src/turtlebot3_simulations/turtlebot3_gazebo) by extension 'ignore_ament_install'
[0.260s] Level 1:colcon.colcon_core.package_identification:_identify(src/turtlebot3_simulations/turtlebot3_gazebo) by extensions ['colcon_pkg']
[0.260s] Level 1:colcon.colcon_core.package_identification:_identify(src/turtlebot3_simulations/turtlebot3_gazebo) by extension 'colcon_pkg'
[0.260s] Level 1:colcon.colcon_core.package_identification:_identify(src/turtlebot3_simulations/turtlebot3_gazebo) by extensions ['colcon_meta']
[0.260s] Level 1:colcon.colcon_core.package_identification:_identify(src/turtlebot3_simulations/turtlebot3_gazebo) by extension 'colcon_meta'
[0.260s] Level 1:colcon.colcon_core.package_identification:_identify(src/turtlebot3_simulations/turtlebot3_gazebo) by extensions ['ros']
[0.260s] Level 1:colcon.colcon_core.package_identification:_identify(src/turtlebot3_simulations/turtlebot3_gazebo) by extension 'ros'
[0.261s] DEBUG:colcon.colcon_core.package_identification:Package 'src/turtlebot3_simulations/turtlebot3_gazebo' with type 'ros.ament_cmake' and name 'turtlebot3_gazebo'
[0.261s] Level 1:colcon.colcon_core.package_identification:_identify(src/turtlebot3_simulations/turtlebot3_simulations) by extensions ['ignore', 'ignore_ament_install']
[0.261s] Level 1:colcon.colcon_core.package_identification:_identify(src/turtlebot3_simulations/turtlebot3_simulations) by extension 'ignore'
[0.261s] Level 1:colcon.colcon_core.package_identification:_identify(src/turtlebot3_simulations/turtlebot3_simulations) by extension 'ignore_ament_install'
[0.261s] Level 1:colcon.colcon_core.package_identification:_identify(src/turtlebot3_simulations/turtlebot3_simulations) by extensions ['colcon_pkg']
[0.261s] Level 1:colcon.colcon_core.package_identification:_identify(src/turtlebot3_simulations/turtlebot3_simulations) by extension 'colcon_pkg'
[0.261s] Level 1:colcon.colcon_core.package_identification:_identify(src/turtlebot3_simulations/turtlebot3_simulations) by extensions ['colcon_meta']
[0.261s] Level 1:colcon.colcon_core.package_identification:_identify(src/turtlebot3_simulations/turtlebot3_simulations) by extension 'colcon_meta'
[0.262s] Level 1:colcon.colcon_core.package_identification:_identify(src/turtlebot3_simulations/turtlebot3_simulations) by extensions ['ros']
[0.262s] Level 1:colcon.colcon_core.package_identification:_identify(src/turtlebot3_simulations/turtlebot3_simulations) by extension 'ros'
[0.262s] DEBUG:colcon.colcon_core.package_identification:Package 'src/turtlebot3_simulations/turtlebot3_simulations' with type 'ros.ament_cmake' and name 'turtlebot3_simulations'
[0.262s] Level 1:colcon.colcon_core.package_discovery:discover_packages(recursive) using defaults
[0.262s] Level 1:colcon.colcon_core.package_discovery:discover_packages(ignore) discover
[0.262s] Level 1:colcon.colcon_core.package_discovery:discover_packages(ignore) using defaults
[0.262s] Level 1:colcon.colcon_core.package_discovery:discover_packages(path) discover
[0.262s] Level 1:colcon.colcon_core.package_discovery:discover_packages(path) using defaults
[0.285s] Level 1:colcon.colcon_core.package_discovery:discover_packages(prefix_path) check parameters
[0.285s] Level 1:colcon.colcon_core.package_discovery:discover_packages(prefix_path) discover
[0.288s] DEBUG:colcon.colcon_installed_package_information.package_discovery:Found 0 installed packages in /home/kido/colcon_ws/install
[0.290s] DEBUG:colcon.colcon_installed_package_information.package_discovery:Found 348 installed packages in /opt/ros/foxy
[0.292s] Level 1:colcon.colcon_core.package_discovery:discover_packages(prefix_path) using defaults
[0.375s] Level 5:colcon.colcon_core.verb:set package 'turtlebot3_fake_node' build argument 'cmake_args' from command line to 'None'
[0.375s] Level 5:colcon.colcon_core.verb:set package 'turtlebot3_fake_node' build argument 'cmake_target' from command line to 'None'
[0.375s] Level 5:colcon.colcon_core.verb:set package 'turtlebot3_fake_node' build argument 'cmake_target_skip_unavailable' from command line to 'False'
[0.375s] Level 5:colcon.colcon_core.verb:set package 'turtlebot3_fake_node' build argument 'cmake_clean_cache' from command line to 'False'
[0.375s] Level 5:colcon.colcon_core.verb:set package 'turtlebot3_fake_node' build argument 'cmake_clean_first' from command line to 'False'
[0.375s] Level 5:colcon.colcon_core.verb:set package 'turtlebot3_fake_node' build argument 'cmake_force_configure' from command line to 'False'
[0.375s] Level 5:colcon.colcon_core.verb:set package 'turtlebot3_fake_node' build argument 'ament_cmake_args' from command line to 'None'
[0.375s] Level 5:colcon.colcon_core.verb:set package 'turtlebot3_fake_node' build argument 'catkin_cmake_args' from command line to 'None'
[0.375s] Level 5:colcon.colcon_core.verb:set package 'turtlebot3_fake_node' build argument 'catkin_skip_building_tests' from command line to 'False'
[0.375s] DEBUG:colcon.colcon_core.verb:Building package 'turtlebot3_fake_node' with the following arguments: {'ament_cmake_args': None, 'build_base': '/home/kido/turtlebot3_ws/build/turtlebot3_fake_node', 'catkin_cmake_args': None, 'catkin_skip_building_tests': False, 'cmake_args': None, 'cmake_clean_cache': False, 'cmake_clean_first': False, 'cmake_force_configure': False, 'cmake_target': None, 'cmake_target_skip_unavailable': False, 'install_base': '/home/kido/turtlebot3_ws/install/turtlebot3_fake_node', 'merge_install': False, 'path': '/home/kido/turtlebot3_ws/src/turtlebot3_simulations/turtlebot3_fake_node', 'symlink_install': True, 'test_result_base': None}
[0.377s] Level 5:colcon.colcon_core.verb:set package 'turtlebot3_gazebo' build argument 'cmake_args' from command line to 'None'
[0.377s] Level 5:colcon.colcon_core.verb:set package 'turtlebot3_gazebo' build argument 'cmake_target' from command line to 'None'
[0.377s] Level 5:colcon.colcon_core.verb:set package 'turtlebot3_gazebo' build argument 'cmake_target_skip_unavailable' from command line to 'False'
[0.377s] Level 5:colcon.colcon_core.verb:set package 'turtlebot3_gazebo' build argument 'cmake_clean_cache' from command line to 'False'
[0.377s] Level 5:colcon.colcon_core.verb:set package 'turtlebot3_gazebo' build argument 'cmake_clean_first' from command line to 'False'
[0.377s] Level 5:colcon.colcon_core.verb:set package 'turtlebot3_gazebo' build argument 'cmake_force_configure' from command line to 'False'
[0.377s] Level 5:colcon.colcon_core.verb:set package 'turtlebot3_gazebo' build argument 'ament_cmake_args' from command line to 'None'
[0.377s] Level 5:colcon.colcon_core.verb:set package 'turtlebot3_gazebo' build argument 'catkin_cmake_args' from command line to 'None'
[0.377s] Level 5:colcon.colcon_core.verb:set package 'turtlebot3_gazebo' build argument 'catkin_skip_building_tests' from command line to 'False'
[0.377s] DEBUG:colcon.colcon_core.verb:Building package 'turtlebot3_gazebo' with the following arguments: {'ament_cmake_args': None, 'build_base': '/home/kido/turtlebot3_ws/build/turtlebot3_gazebo', 'catkin_cmake_args': None, 'catkin_skip_building_tests': False, 'cmake_args': None, 'cmake_clean_cache': False, 'cmake_clean_first': False, 'cmake_force_configure': False, 'cmake_target': None, 'cmake_target_skip_unavailable': False, 'install_base': '/home/kido/turtlebot3_ws/install/turtlebot3_gazebo', 'merge_install': False, 'path': '/home/kido/turtlebot3_ws/src/turtlebot3_simulations/turtlebot3_gazebo', 'symlink_install': True, 'test_result_base': None}
[0.378s] Level 5:colcon.colcon_core.verb:set package 'turtlebot3_simulations' build argument 'cmake_args' from command line to 'None'
[0.378s] Level 5:colcon.colcon_core.verb:set package 'turtlebot3_simulations' build argument 'cmake_target' from command line to 'None'
[0.378s] Level 5:colcon.colcon_core.verb:set package 'turtlebot3_simulations' build argument 'cmake_target_skip_unavailable' from command line to 'False'
[0.378s] Level 5:colcon.colcon_core.verb:set package 'turtlebot3_simulations' build argument 'cmake_clean_cache' from command line to 'False'
[0.378s] Level 5:colcon.colcon_core.verb:set package 'turtlebot3_simulations' build argument 'cmake_clean_first' from command line to 'False'
[0.378s] Level 5:colcon.colcon_core.verb:set package 'turtlebot3_simulations' build argument 'cmake_force_configure' from command line to 'False'
[0.378s] Level 5:colcon.colcon_core.verb:set package 'turtlebot3_simulations' build argument 'ament_cmake_args' from command line to 'None'
[0.378s] Level 5:colcon.colcon_core.verb:set package 'turtlebot3_simulations' build argument 'catkin_cmake_args' from command line to 'None'
[0.378s] Level 5:colcon.colcon_core.verb:set package 'turtlebot3_simulations' build argument 'catkin_skip_building_tests' from command line to 'False'
[0.378s] DEBUG:colcon.colcon_core.verb:Building package 'turtlebot3_simulations' with the following arguments: {'ament_cmake_args': None, 'build_base': '/home/kido/turtlebot3_ws/build/turtlebot3_simulations', 'catkin_cmake_args': None, 'catkin_skip_building_tests': False, 'cmake_args': None, 'cmake_clean_cache': False, 'cmake_clean_first': False, 'cmake_force_configure': False, 'cmake_target': None, 'cmake_target_skip_unavailable': False, 'install_base': '/home/kido/turtlebot3_ws/install/turtlebot3_simulations', 'merge_install': False, 'path': '/home/kido/turtlebot3_ws/src/turtlebot3_simulations/turtlebot3_simulations', 'symlink_install': True, 'test_result_base': None}
[0.379s] INFO:colcon.colcon_core.executor:Executing jobs using 'parallel' executor
[0.386s] DEBUG:colcon.colcon_parallel_executor.executor.parallel:run_until_complete
[0.386s] INFO:colcon.colcon_ros.task.ament_cmake.build:Building ROS package in '/home/kido/turtlebot3_ws/src/turtlebot3_simulations/turtlebot3_fake_node' with build type 'ament_cmake'
[0.386s] INFO:colcon.colcon_cmake.task.cmake.build:Building CMake package in '/home/kido/turtlebot3_ws/src/turtlebot3_simulations/turtlebot3_fake_node'
[0.392s] INFO:colcon.colcon_core.plugin_system:Skipping extension 'colcon_core.shell.bat': Not used on non-Windows systems
[0.392s] INFO:colcon.colcon_core.shell:Skip shell extension 'powershell' for command environment: Not usable outside of PowerShell
[0.392s] DEBUG:colcon.colcon_core.shell:Skip shell extension 'dsv' for command environment
[0.398s] INFO:colcon.colcon_ros.task.ament_cmake.build:Building ROS package in '/home/kido/turtlebot3_ws/src/turtlebot3_simulations/turtlebot3_gazebo' with build type 'ament_cmake'
[0.399s] INFO:colcon.colcon_cmake.task.cmake.build:Building CMake package in '/home/kido/turtlebot3_ws/src/turtlebot3_simulations/turtlebot3_gazebo'
[0.402s] INFO:colcon.colcon_core.shell:Skip shell extension 'powershell' for command environment: Not usable outside of PowerShell
[0.402s] DEBUG:colcon.colcon_core.shell:Skip shell extension 'dsv' for command environment
[0.413s] DEBUG:colcon.colcon_core.event_handler.log_command:Invoking command in '/home/kido/turtlebot3_ws/build/turtlebot3_fake_node': CMAKE_PREFIX_PATH=/opt/ros/foxy /usr/bin/cmake /home/kido/turtlebot3_ws/src/turtlebot3_simulations/turtlebot3_fake_node -DAMENT_CMAKE_SYMLINK_INSTALL=1 -DCMAKE_INSTALL_PREFIX=/home/kido/turtlebot3_ws/install/turtlebot3_fake_node
[0.438s] DEBUG:colcon.colcon_core.event_handler.log_command:Invoking command in '/home/kido/turtlebot3_ws/build/turtlebot3_gazebo': CMAKE_PREFIX_PATH=/opt/ros/foxy /usr/bin/cmake /home/kido/turtlebot3_ws/src/turtlebot3_simulations/turtlebot3_gazebo -DAMENT_CMAKE_SYMLINK_INSTALL=1 -DCMAKE_INSTALL_PREFIX=/home/kido/turtlebot3_ws/install/turtlebot3_gazebo
[7.924s] DEBUG:colcon.colcon_core.event_handler.log_command:Invoked command in '/home/kido/turtlebot3_ws/build/turtlebot3_fake_node' returned '0': CMAKE_PREFIX_PATH=/opt/ros/foxy /usr/bin/cmake /home/kido/turtlebot3_ws/src/turtlebot3_simulations/turtlebot3_fake_node -DAMENT_CMAKE_SYMLINK_INSTALL=1 -DCMAKE_INSTALL_PREFIX=/home/kido/turtlebot3_ws/install/turtlebot3_fake_node
[7.929s] DEBUG:colcon.colcon_core.event_handler.log_command:Invoking command in '/home/kido/turtlebot3_ws/build/turtlebot3_fake_node': CMAKE_PREFIX_PATH=/opt/ros/foxy /usr/bin/cmake --build /home/kido/turtlebot3_ws/build/turtlebot3_fake_node -- -j8 -l8
[9.764s] DEBUG:colcon.colcon_core.event_handler.log_command:Invoked command in '/home/kido/turtlebot3_ws/build/turtlebot3_gazebo' returned '0': CMAKE_PREFIX_PATH=/opt/ros/foxy /usr/bin/cmake /home/kido/turtlebot3_ws/src/turtlebot3_simulations/turtlebot3_gazebo -DAMENT_CMAKE_SYMLINK_INSTALL=1 -DCMAKE_INSTALL_PREFIX=/home/kido/turtlebot3_ws/install/turtlebot3_gazebo
[9.767s] DEBUG:colcon.colcon_core.event_handler.log_command:Invoking command in '/home/kido/turtlebot3_ws/build/turtlebot3_gazebo': CMAKE_PREFIX_PATH=/opt/ros/foxy /usr/bin/cmake --build /home/kido/turtlebot3_ws/build/turtlebot3_gazebo -- -j8 -l8
[26.426s] DEBUG:colcon.colcon_core.event_handler.log_command:Invoked command in '/home/kido/turtlebot3_ws/build/turtlebot3_fake_node' returned '0': CMAKE_PREFIX_PATH=/opt/ros/foxy /usr/bin/cmake --build /home/kido/turtlebot3_ws/build/turtlebot3_fake_node -- -j8 -l8
[26.465s] DEBUG:colcon.colcon_core.event_handler.log_command:Invoking command in '/home/kido/turtlebot3_ws/build/turtlebot3_fake_node': CMAKE_PREFIX_PATH=/opt/ros/foxy /usr/bin/cmake --install /home/kido/turtlebot3_ws/build/turtlebot3_fake_node
[26.747s] Level 1:colcon.colcon_core.environment:create_environment_scripts_only(turtlebot3_fake_node)
[26.748s] DEBUG:colcon.colcon_core.event_handler.log_command:Invoked command in '/home/kido/turtlebot3_ws/build/turtlebot3_fake_node' returned '0': CMAKE_PREFIX_PATH=/opt/ros/foxy /usr/bin/cmake --install /home/kido/turtlebot3_ws/build/turtlebot3_fake_node
[26.880s] Level 1:colcon.colcon_core.environment:checking '/home/kido/turtlebot3_ws/install/turtlebot3_fake_node' for CMake module files
[26.881s] Level 1:colcon.colcon_core.environment:checking '/home/kido/turtlebot3_ws/install/turtlebot3_fake_node' for CMake config files
[26.881s] Level 1:colcon.colcon_core.shell:create_environment_hook('turtlebot3_fake_node', 'cmake_prefix_path')
[26.886s] INFO:colcon.colcon_core.shell:Creating environment hook '/home/kido/turtlebot3_ws/install/turtlebot3_fake_node/share/turtlebot3_fake_node/hook/cmake_prefix_path.ps1'
[26.888s] INFO:colcon.colcon_core.shell:Creating environment descriptor '/home/kido/turtlebot3_ws/install/turtlebot3_fake_node/share/turtlebot3_fake_node/hook/cmake_prefix_path.dsv'
[26.888s] INFO:colcon.colcon_core.shell:Creating environment hook '/home/kido/turtlebot3_ws/install/turtlebot3_fake_node/share/turtlebot3_fake_node/hook/cmake_prefix_path.sh'
[26.890s] Level 1:colcon.colcon_core.environment:checking '/home/kido/turtlebot3_ws/install/turtlebot3_fake_node/lib'
[26.890s] Level 1:colcon.colcon_core.environment:checking '/home/kido/turtlebot3_ws/install/turtlebot3_fake_node/bin'
[26.891s] Level 1:colcon.colcon_core.environment:checking '/home/kido/turtlebot3_ws/install/turtlebot3_fake_node/lib/pkgconfig/turtlebot3_fake_node.pc'
[26.891s] Level 1:colcon.colcon_core.environment:checking '/home/kido/turtlebot3_ws/install/turtlebot3_fake_node/lib/python3.8/site-packages'
[26.891s] Level 1:colcon.colcon_core.environment:checking '/home/kido/turtlebot3_ws/install/turtlebot3_fake_node/bin'
[26.897s] INFO:colcon.colcon_core.shell:Creating package script '/home/kido/turtlebot3_ws/install/turtlebot3_fake_node/share/turtlebot3_fake_node/package.ps1'
[26.899s] INFO:colcon.colcon_core.shell:Creating package descriptor '/home/kido/turtlebot3_ws/install/turtlebot3_fake_node/share/turtlebot3_fake_node/package.dsv'
[26.900s] INFO:colcon.colcon_core.shell:Creating package script '/home/kido/turtlebot3_ws/install/turtlebot3_fake_node/share/turtlebot3_fake_node/package.sh'
[26.901s] INFO:colcon.colcon_core.shell:Creating package script '/home/kido/turtlebot3_ws/install/turtlebot3_fake_node/share/turtlebot3_fake_node/package.bash'
[26.916s] INFO:colcon.colcon_core.shell:Creating package script '/home/kido/turtlebot3_ws/install/turtlebot3_fake_node/share/turtlebot3_fake_node/package.zsh'
[26.918s] Level 1:colcon.colcon_core.environment:create_file_with_runtime_dependencies(/home/kido/turtlebot3_ws/install/turtlebot3_fake_node/share/colcon-core/packages/turtlebot3_fake_node)
[26.959s] Level 1:colcon.colcon_core.environment:create_environment_scripts_only(turtlebot3_fake_node)
[26.966s] Level 1:colcon.colcon_core.environment:checking '/home/kido/turtlebot3_ws/install/turtlebot3_fake_node' for CMake module files
[26.967s] Level 1:colcon.colcon_core.environment:checking '/home/kido/turtlebot3_ws/install/turtlebot3_fake_node' for CMake config files
[26.968s] Level 1:colcon.colcon_core.shell:create_environment_hook('turtlebot3_fake_node', 'cmake_prefix_path')
[26.973s] INFO:colcon.colcon_core.shell:Creating environment hook '/home/kido/turtlebot3_ws/install/turtlebot3_fake_node/share/turtlebot3_fake_node/hook/cmake_prefix_path.ps1'
[26.974s] INFO:colcon.colcon_core.shell:Creating environment descriptor '/home/kido/turtlebot3_ws/install/turtlebot3_fake_node/share/turtlebot3_fake_node/hook/cmake_prefix_path.dsv'
[26.974s] INFO:colcon.colcon_core.shell:Creating environment hook '/home/kido/turtlebot3_ws/install/turtlebot3_fake_node/share/turtlebot3_fake_node/hook/cmake_prefix_path.sh'
[26.975s] Level 1:colcon.colcon_core.environment:checking '/home/kido/turtlebot3_ws/install/turtlebot3_fake_node/lib'
[26.975s] Level 1:colcon.colcon_core.environment:checking '/home/kido/turtlebot3_ws/install/turtlebot3_fake_node/bin'
[26.976s] Level 1:colcon.colcon_core.environment:checking '/home/kido/turtlebot3_ws/install/turtlebot3_fake_node/lib/pkgconfig/turtlebot3_fake_node.pc'
[26.976s] Level 1:colcon.colcon_core.environment:checking '/home/kido/turtlebot3_ws/install/turtlebot3_fake_node/lib/python3.8/site-packages'
[26.976s] Level 1:colcon.colcon_core.environment:checking '/home/kido/turtlebot3_ws/install/turtlebot3_fake_node/bin'
[26.982s] INFO:colcon.colcon_core.shell:Creating package script '/home/kido/turtlebot3_ws/install/turtlebot3_fake_node/share/turtlebot3_fake_node/package.ps1'
[26.983s] INFO:colcon.colcon_core.shell:Creating package descriptor '/home/kido/turtlebot3_ws/install/turtlebot3_fake_node/share/turtlebot3_fake_node/package.dsv'
[26.984s] INFO:colcon.colcon_core.shell:Creating package script '/home/kido/turtlebot3_ws/install/turtlebot3_fake_node/share/turtlebot3_fake_node/package.sh'
[26.984s] INFO:colcon.colcon_core.shell:Creating package script '/home/kido/turtlebot3_ws/install/turtlebot3_fake_node/share/turtlebot3_fake_node/package.bash'
[26.985s] INFO:colcon.colcon_core.shell:Creating package script '/home/kido/turtlebot3_ws/install/turtlebot3_fake_node/share/turtlebot3_fake_node/package.zsh'
[26.986s] Level 1:colcon.colcon_core.environment:create_file_with_runtime_dependencies(/home/kido/turtlebot3_ws/install/turtlebot3_fake_node/share/colcon-core/packages/turtlebot3_fake_node)
[40.559s] DEBUG:colcon.colcon_core.event_handler.log_command:Invoked command in '/home/kido/turtlebot3_ws/build/turtlebot3_gazebo' returned '0': CMAKE_PREFIX_PATH=/opt/ros/foxy /usr/bin/cmake --build /home/kido/turtlebot3_ws/build/turtlebot3_gazebo -- -j8 -l8
[40.590s] DEBUG:colcon.colcon_core.event_handler.log_command:Invoking command in '/home/kido/turtlebot3_ws/build/turtlebot3_gazebo': CMAKE_PREFIX_PATH=/opt/ros/foxy /usr/bin/cmake --install /home/kido/turtlebot3_ws/build/turtlebot3_gazebo
[41.899s] Level 1:colcon.colcon_core.environment:create_environment_scripts_only(turtlebot3_gazebo)
[41.908s] Level 1:colcon.colcon_core.environment:checking '/home/kido/turtlebot3_ws/install/turtlebot3_gazebo' for CMake module files
[41.909s] DEBUG:colcon.colcon_core.event_handler.log_command:Invoked command in '/home/kido/turtlebot3_ws/build/turtlebot3_gazebo' returned '0': CMAKE_PREFIX_PATH=/opt/ros/foxy /usr/bin/cmake --install /home/kido/turtlebot3_ws/build/turtlebot3_gazebo
[41.909s] Level 1:colcon.colcon_core.environment:checking '/home/kido/turtlebot3_ws/install/turtlebot3_gazebo' for CMake config files
[41.913s] Level 1:colcon.colcon_core.shell:create_environment_hook('turtlebot3_gazebo', 'cmake_prefix_path')
[41.918s] INFO:colcon.colcon_core.shell:Creating environment hook '/home/kido/turtlebot3_ws/install/turtlebot3_gazebo/share/turtlebot3_gazebo/hook/cmake_prefix_path.ps1'
[41.919s] INFO:colcon.colcon_core.shell:Creating environment descriptor '/home/kido/turtlebot3_ws/install/turtlebot3_gazebo/share/turtlebot3_gazebo/hook/cmake_prefix_path.dsv'
[41.919s] INFO:colcon.colcon_core.shell:Creating environment hook '/home/kido/turtlebot3_ws/install/turtlebot3_gazebo/share/turtlebot3_gazebo/hook/cmake_prefix_path.sh'
[41.920s] Level 1:colcon.colcon_core.environment:checking '/home/kido/turtlebot3_ws/install/turtlebot3_gazebo/lib'
[41.920s] Level 1:colcon.colcon_core.environment:checking '/home/kido/turtlebot3_ws/install/turtlebot3_gazebo/bin'
[41.920s] Level 1:colcon.colcon_core.environment:checking '/home/kido/turtlebot3_ws/install/turtlebot3_gazebo/lib/pkgconfig/turtlebot3_gazebo.pc'
[41.921s] Level 1:colcon.colcon_core.environment:checking '/home/kido/turtlebot3_ws/install/turtlebot3_gazebo/lib/python3.8/site-packages'
[41.921s] Level 1:colcon.colcon_core.environment:checking '/home/kido/turtlebot3_ws/install/turtlebot3_gazebo/bin'
[41.926s] INFO:colcon.colcon_core.shell:Creating package script '/home/kido/turtlebot3_ws/install/turtlebot3_gazebo/share/turtlebot3_gazebo/package.ps1'
[41.927s] INFO:colcon.colcon_core.shell:Creating package descriptor '/home/kido/turtlebot3_ws/install/turtlebot3_gazebo/share/turtlebot3_gazebo/package.dsv'
[41.928s] INFO:colcon.colcon_core.shell:Creating package script '/home/kido/turtlebot3_ws/install/turtlebot3_gazebo/share/turtlebot3_gazebo/package.sh'
[41.928s] INFO:colcon.colcon_core.shell:Creating package script '/home/kido/turtlebot3_ws/install/turtlebot3_gazebo/share/turtlebot3_gazebo/package.bash'
[41.929s] INFO:colcon.colcon_core.shell:Creating package script '/home/kido/turtlebot3_ws/install/turtlebot3_gazebo/share/turtlebot3_gazebo/package.zsh'
[41.929s] Level 1:colcon.colcon_core.environment:create_file_with_runtime_dependencies(/home/kido/turtlebot3_ws/install/turtlebot3_gazebo/share/colcon-core/packages/turtlebot3_gazebo)
[41.970s] Level 1:colcon.colcon_core.environment:create_environment_scripts_only(turtlebot3_gazebo)
[41.976s] Level 1:colcon.colcon_core.environment:checking '/home/kido/turtlebot3_ws/install/turtlebot3_gazebo' for CMake module files
[41.977s] Level 1:colcon.colcon_core.environment:checking '/home/kido/turtlebot3_ws/install/turtlebot3_gazebo' for CMake config files
[41.980s] Level 1:colcon.colcon_core.shell:create_environment_hook('turtlebot3_gazebo', 'cmake_prefix_path')
[41.984s] INFO:colcon.colcon_core.shell:Creating environment hook '/home/kido/turtlebot3_ws/install/turtlebot3_gazebo/share/turtlebot3_gazebo/hook/cmake_prefix_path.ps1'
[41.985s] INFO:colcon.colcon_core.shell:Creating environment descriptor '/home/kido/turtlebot3_ws/install/turtlebot3_gazebo/share/turtlebot3_gazebo/hook/cmake_prefix_path.dsv'
[41.985s] INFO:colcon.colcon_core.shell:Creating environment hook '/home/kido/turtlebot3_ws/install/turtlebot3_gazebo/share/turtlebot3_gazebo/hook/cmake_prefix_path.sh'
[41.986s] Level 1:colcon.colcon_core.environment:checking '/home/kido/turtlebot3_ws/install/turtlebot3_gazebo/lib'
[41.986s] Level 1:colcon.colcon_core.environment:checking '/home/kido/turtlebot3_ws/install/turtlebot3_gazebo/bin'
[41.986s] Level 1:colcon.colcon_core.environment:checking '/home/kido/turtlebot3_ws/install/turtlebot3_gazebo/lib/pkgconfig/turtlebot3_gazebo.pc'
[41.986s] Level 1:colcon.colcon_core.environment:checking '/home/kido/turtlebot3_ws/install/turtlebot3_gazebo/lib/python3.8/site-packages'
[41.986s] Level 1:colcon.colcon_core.environment:checking '/home/kido/turtlebot3_ws/install/turtlebot3_gazebo/bin'
[41.989s] INFO:colcon.colcon_core.shell:Creating package script '/home/kido/turtlebot3_ws/install/turtlebot3_gazebo/share/turtlebot3_gazebo/package.ps1'
[41.990s] INFO:colcon.colcon_core.shell:Creating package descriptor '/home/kido/turtlebot3_ws/install/turtlebot3_gazebo/share/turtlebot3_gazebo/package.dsv'
[41.991s] INFO:colcon.colcon_core.shell:Creating package script '/home/kido/turtlebot3_ws/install/turtlebot3_gazebo/share/turtlebot3_gazebo/package.sh'
[41.991s] INFO:colcon.colcon_core.shell:Creating package script '/home/kido/turtlebot3_ws/install/turtlebot3_gazebo/share/turtlebot3_gazebo/package.bash'
[41.992s] INFO:colcon.colcon_core.shell:Creating package script '/home/kido/turtlebot3_ws/install/turtlebot3_gazebo/share/turtlebot3_gazebo/package.zsh'
[41.992s] Level 1:colcon.colcon_core.environment:create_file_with_runtime_dependencies(/home/kido/turtlebot3_ws/install/turtlebot3_gazebo/share/colcon-core/packages/turtlebot3_gazebo)
[41.992s] INFO:colcon.colcon_ros.task.ament_cmake.build:Building ROS package in '/home/kido/turtlebot3_ws/src/turtlebot3_simulations/turtlebot3_simulations' with build type 'ament_cmake'
[41.993s] INFO:colcon.colcon_cmake.task.cmake.build:Building CMake package in '/home/kido/turtlebot3_ws/src/turtlebot3_simulations/turtlebot3_simulations'
[41.995s] INFO:colcon.colcon_core.shell:Skip shell extension 'powershell' for command environment: Not usable outside of PowerShell
[41.995s] DEBUG:colcon.colcon_core.shell:Skip shell extension 'dsv' for command environment
[42.013s] DEBUG:colcon.colcon_core.event_handler.log_command:Invoking command in '/home/kido/turtlebot3_ws/build/turtlebot3_simulations': AMENT_PREFIX_PATH=/home/kido/turtlebot3_ws/install/turtlebot3_gazebo:/home/kido/turtlebot3_ws/install/turtlebot3_fake_node:${AMENT_PREFIX_PATH} CMAKE_PREFIX_PATH=/home/kido/turtlebot3_ws/install/turtlebot3_gazebo:/home/kido/turtlebot3_ws/install/turtlebot3_fake_node:/opt/ros/foxy /usr/bin/cmake /home/kido/turtlebot3_ws/src/turtlebot3_simulations/turtlebot3_simulations -DAMENT_CMAKE_SYMLINK_INSTALL=1 -DCMAKE_INSTALL_PREFIX=/home/kido/turtlebot3_ws/install/turtlebot3_simulations
[42.789s] DEBUG:colcon.colcon_core.event_handler.log_command:Invoked command in '/home/kido/turtlebot3_ws/build/turtlebot3_simulations' returned '0': AMENT_PREFIX_PATH=/home/kido/turtlebot3_ws/install/turtlebot3_gazebo:/home/kido/turtlebot3_ws/install/turtlebot3_fake_node:${AMENT_PREFIX_PATH} CMAKE_PREFIX_PATH=/home/kido/turtlebot3_ws/install/turtlebot3_gazebo:/home/kido/turtlebot3_ws/install/turtlebot3_fake_node:/opt/ros/foxy /usr/bin/cmake /home/kido/turtlebot3_ws/src/turtlebot3_simulations/turtlebot3_simulations -DAMENT_CMAKE_SYMLINK_INSTALL=1 -DCMAKE_INSTALL_PREFIX=/home/kido/turtlebot3_ws/install/turtlebot3_simulations
[42.791s] DEBUG:colcon.colcon_core.event_handler.log_command:Invoking command in '/home/kido/turtlebot3_ws/build/turtlebot3_simulations': AMENT_PREFIX_PATH=/home/kido/turtlebot3_ws/install/turtlebot3_gazebo:/home/kido/turtlebot3_ws/install/turtlebot3_fake_node:${AMENT_PREFIX_PATH} CMAKE_PREFIX_PATH=/home/kido/turtlebot3_ws/install/turtlebot3_gazebo:/home/kido/turtlebot3_ws/install/turtlebot3_fake_node:/opt/ros/foxy /usr/bin/cmake --build /home/kido/turtlebot3_ws/build/turtlebot3_simulations -- -j8 -l8
[42.829s] DEBUG:colcon.colcon_core.event_handler.log_command:Invoked command in '/home/kido/turtlebot3_ws/build/turtlebot3_simulations' returned '0': AMENT_PREFIX_PATH=/home/kido/turtlebot3_ws/install/turtlebot3_gazebo:/home/kido/turtlebot3_ws/install/turtlebot3_fake_node:${AMENT_PREFIX_PATH} CMAKE_PREFIX_PATH=/home/kido/turtlebot3_ws/install/turtlebot3_gazebo:/home/kido/turtlebot3_ws/install/turtlebot3_fake_node:/opt/ros/foxy /usr/bin/cmake --build /home/kido/turtlebot3_ws/build/turtlebot3_simulations -- -j8 -l8
[42.852s] DEBUG:colcon.colcon_core.event_handler.log_command:Invoking command in '/home/kido/turtlebot3_ws/build/turtlebot3_simulations': AMENT_PREFIX_PATH=/home/kido/turtlebot3_ws/install/turtlebot3_gazebo:/home/kido/turtlebot3_ws/install/turtlebot3_fake_node:${AMENT_PREFIX_PATH} CMAKE_PREFIX_PATH=/home/kido/turtlebot3_ws/install/turtlebot3_gazebo:/home/kido/turtlebot3_ws/install/turtlebot3_fake_node:/opt/ros/foxy /usr/bin/cmake --install /home/kido/turtlebot3_ws/build/turtlebot3_simulations
[43.009s] Level 1:colcon.colcon_core.environment:create_environment_scripts_only(turtlebot3_simulations)
[43.013s] Level 1:colcon.colcon_core.environment:checking '/home/kido/turtlebot3_ws/install/turtlebot3_simulations' for CMake module files
[43.014s] DEBUG:colcon.colcon_core.event_handler.log_command:Invoked command in '/home/kido/turtlebot3_ws/build/turtlebot3_simulations' returned '0': AMENT_PREFIX_PATH=/home/kido/turtlebot3_ws/install/turtlebot3_gazebo:/home/kido/turtlebot3_ws/install/turtlebot3_fake_node:${AMENT_PREFIX_PATH} CMAKE_PREFIX_PATH=/home/kido/turtlebot3_ws/install/turtlebot3_gazebo:/home/kido/turtlebot3_ws/install/turtlebot3_fake_node:/opt/ros/foxy /usr/bin/cmake --install /home/kido/turtlebot3_ws/build/turtlebot3_simulations
[43.014s] Level 1:colcon.colcon_core.environment:checking '/home/kido/turtlebot3_ws/install/turtlebot3_simulations' for CMake config files
[43.014s] Level 1:colcon.colcon_core.shell:create_environment_hook('turtlebot3_simulations', 'cmake_prefix_path')
[43.017s] INFO:colcon.colcon_core.shell:Creating environment hook '/home/kido/turtlebot3_ws/install/turtlebot3_simulations/share/turtlebot3_simulations/hook/cmake_prefix_path.ps1'
[43.017s] INFO:colcon.colcon_core.shell:Creating environment descriptor '/home/kido/turtlebot3_ws/install/turtlebot3_simulations/share/turtlebot3_simulations/hook/cmake_prefix_path.dsv'
[43.018s] INFO:colcon.colcon_core.shell:Creating environment hook '/home/kido/turtlebot3_ws/install/turtlebot3_simulations/share/turtlebot3_simulations/hook/cmake_prefix_path.sh'
[43.018s] Level 1:colcon.colcon_core.environment:checking '/home/kido/turtlebot3_ws/install/turtlebot3_simulations/bin'
[43.019s] Level 1:colcon.colcon_core.environment:checking '/home/kido/turtlebot3_ws/install/turtlebot3_simulations/lib/pkgconfig/turtlebot3_simulations.pc'
[43.019s] Level 1:colcon.colcon_core.environment:checking '/home/kido/turtlebot3_ws/install/turtlebot3_simulations/lib/python3.8/site-packages'
[43.019s] Level 1:colcon.colcon_core.environment:checking '/home/kido/turtlebot3_ws/install/turtlebot3_simulations/bin'
[43.021s] INFO:colcon.colcon_core.shell:Creating package script '/home/kido/turtlebot3_ws/install/turtlebot3_simulations/share/turtlebot3_simulations/package.ps1'
[43.021s] INFO:colcon.colcon_core.shell:Creating package descriptor '/home/kido/turtlebot3_ws/install/turtlebot3_simulations/share/turtlebot3_simulations/package.dsv'
[43.022s] INFO:colcon.colcon_core.shell:Creating package script '/home/kido/turtlebot3_ws/install/turtlebot3_simulations/share/turtlebot3_simulations/package.sh'
[43.022s] INFO:colcon.colcon_core.shell:Creating package script '/home/kido/turtlebot3_ws/install/turtlebot3_simulations/share/turtlebot3_simulations/package.bash'
[43.022s] INFO:colcon.colcon_core.shell:Creating package script '/home/kido/turtlebot3_ws/install/turtlebot3_simulations/share/turtlebot3_simulations/package.zsh'
[43.023s] Level 1:colcon.colcon_core.environment:create_file_with_runtime_dependencies(/home/kido/turtlebot3_ws/install/turtlebot3_simulations/share/colcon-core/packages/turtlebot3_simulations)
[43.048s] Level 1:colcon.colcon_core.environment:create_environment_scripts_only(turtlebot3_simulations)
[43.052s] Level 1:colcon.colcon_core.environment:checking '/home/kido/turtlebot3_ws/install/turtlebot3_simulations' for CMake module files
[43.052s] Level 1:colcon.colcon_core.environment:checking '/home/kido/turtlebot3_ws/install/turtlebot3_simulations' for CMake config files
[43.052s] Level 1:colcon.colcon_core.shell:create_environment_hook('turtlebot3_simulations', 'cmake_prefix_path')
[43.055s] INFO:colcon.colcon_core.shell:Creating environment hook '/home/kido/turtlebot3_ws/install/turtlebot3_simulations/share/turtlebot3_simulations/hook/cmake_prefix_path.ps1'
[43.055s] INFO:colcon.colcon_core.shell:Creating environment descriptor '/home/kido/turtlebot3_ws/install/turtlebot3_simulations/share/turtlebot3_simulations/hook/cmake_prefix_path.dsv'
[43.055s] INFO:colcon.colcon_core.shell:Creating environment hook '/home/kido/turtlebot3_ws/install/turtlebot3_simulations/share/turtlebot3_simulations/hook/cmake_prefix_path.sh'
[43.056s] Level 1:colcon.colcon_core.environment:checking '/home/kido/turtlebot3_ws/install/turtlebot3_simulations/bin'
[43.056s] Level 1:colcon.colcon_core.environment:checking '/home/kido/turtlebot3_ws/install/turtlebot3_simulations/lib/pkgconfig/turtlebot3_simulations.pc'
[43.056s] Level 1:colcon.colcon_core.environment:checking '/home/kido/turtlebot3_ws/install/turtlebot3_simulations/lib/python3.8/site-packages'
[43.056s] Level 1:colcon.colcon_core.environment:checking '/home/kido/turtlebot3_ws/install/turtlebot3_simulations/bin'
[43.059s] INFO:colcon.colcon_core.shell:Creating package script '/home/kido/turtlebot3_ws/install/turtlebot3_simulations/share/turtlebot3_simulations/package.ps1'
[43.059s] INFO:colcon.colcon_core.shell:Creating package descriptor '/home/kido/turtlebot3_ws/install/turtlebot3_simulations/share/turtlebot3_simulations/package.dsv'
[43.060s] INFO:colcon.colcon_core.shell:Creating package script '/home/kido/turtlebot3_ws/install/turtlebot3_simulations/share/turtlebot3_simulations/package.sh'
[43.060s] INFO:colcon.colcon_core.shell:Creating package script '/home/kido/turtlebot3_ws/install/turtlebot3_simulations/share/turtlebot3_simulations/package.bash'
[43.060s] INFO:colcon.colcon_core.shell:Creating package script '/home/kido/turtlebot3_ws/install/turtlebot3_simulations/share/turtlebot3_simulations/package.zsh'
[43.061s] Level 1:colcon.colcon_core.environment:create_file_with_runtime_dependencies(/home/kido/turtlebot3_ws/install/turtlebot3_simulations/share/colcon-core/packages/turtlebot3_simulations)
[43.061s] DEBUG:colcon.colcon_parallel_executor.executor.parallel:closing loop
[43.061s] DEBUG:colcon.colcon_parallel_executor.executor.parallel:loop closed
[43.062s] DEBUG:colcon.colcon_parallel_executor.executor.parallel:run_until_complete finished with '0'
[43.062s] DEBUG:colcon.colcon_core.event_reactor:joining thread
[43.069s] INFO:colcon.colcon_core.plugin_system:Skipping extension 'colcon_notification.desktop_notification.terminal_notifier': Not used on non-Darwin systems
[43.070s] INFO:colcon.colcon_core.plugin_system:Skipping extension 'colcon_notification.desktop_notification.win32': Not used on non-Windows systems
[43.070s] INFO:colcon.colcon_notification.desktop_notification:Sending desktop notification using 'notify2'
[43.084s] DEBUG:colcon.colcon_core.event_reactor:joined thread
[43.087s] INFO:colcon.colcon_core.shell:Creating prefix script '/home/kido/turtlebot3_ws/install/local_setup.ps1'
[43.089s] INFO:colcon.colcon_core.shell:Creating prefix util module '/home/kido/turtlebot3_ws/install/_local_setup_util_ps1.py'
[43.091s] INFO:colcon.colcon_core.shell:Creating prefix chain script '/home/kido/turtlebot3_ws/install/setup.ps1'
[43.092s] INFO:colcon.colcon_core.shell:Creating prefix script '/home/kido/turtlebot3_ws/install/local_setup.sh'
[43.093s] INFO:colcon.colcon_core.shell:Creating prefix util module '/home/kido/turtlebot3_ws/install/_local_setup_util_sh.py'
[43.093s] INFO:colcon.colcon_core.shell:Creating prefix chain script '/home/kido/turtlebot3_ws/install/setup.sh'
[43.095s] INFO:colcon.colcon_core.shell:Creating prefix script '/home/kido/turtlebot3_ws/install/local_setup.bash'
[43.095s] INFO:colcon.colcon_core.shell:Creating prefix chain script '/home/kido/turtlebot3_ws/install/setup.bash'
[43.097s] INFO:colcon.colcon_core.shell:Creating prefix script '/home/kido/turtlebot3_ws/install/local_setup.zsh'
[43.097s] INFO:colcon.colcon_core.shell:Creating prefix chain script '/home/kido/turtlebot3_ws/install/setup.zsh'
