[0.109s] Invoking command in '/home/kido/turtlebot3_ws/build/turtlebot3_simulations': CMAKE_PREFIX_PATH=/home/kido/turtlebot3_ws/install/turtlebot3_gazebo:/home/kido/turtlebot3_ws/install/turtlebot3_fake_node:/home/kido/turtlebot3_ws/install/turtlebot3_simulations:/opt/ros/foxy CONDA_PROMPT_MODIFIER=(base) /usr/bin/cmake --build /home/kido/turtlebot3_ws/build/turtlebot3_simulations -- -j8 -l8
[0.225s] Invoked command in '/home/kido/turtlebot3_ws/build/turtlebot3_simulations' returned '0': CMAKE_PREFIX_PATH=/home/kido/turtlebot3_ws/install/turtlebot3_gazebo:/home/kido/turtlebot3_ws/install/turtlebot3_fake_node:/home/kido/turtlebot3_ws/install/turtlebot3_simulations:/opt/ros/foxy CONDA_PROMPT_MODIFIER=(base) /usr/bin/cmake --build /home/kido/turtlebot3_ws/build/turtlebot3_simulations -- -j8 -l8
[0.255s] Invoking command in '/home/kido/turtlebot3_ws/build/turtlebot3_simulations': CMAKE_PREFIX_PATH=/home/kido/turtlebot3_ws/install/turtlebot3_gazebo:/home/kido/turtlebot3_ws/install/turtlebot3_fake_node:/home/kido/turtlebot3_ws/install/turtlebot3_simulations:/opt/ros/foxy CONDA_PROMPT_MODIFIER=(base) /usr/bin/cmake --install /home/kido/turtlebot3_ws/build/turtlebot3_simulations
[0.270s] -- Install configuration: ""
[0.297s] -- Execute custom install script
[0.297s] -- Up-to-date symlink: /home/kido/turtlebot3_ws/install/turtlebot3_simulations/share/ament_index/resource_index/package_run_dependencies/turtlebot3_simulations
[0.297s] -- Up-to-date symlink: /home/kido/turtlebot3_ws/install/turtlebot3_simulations/share/ament_index/resource_index/parent_prefix_path/turtlebot3_simulations
[0.298s] -- Up-to-date symlink: /home/kido/turtlebot3_ws/install/turtlebot3_simulations/share/turtlebot3_simulations/environment/ament_prefix_path.sh
[0.298s] -- Up-to-date symlink: /home/kido/turtlebot3_ws/install/turtlebot3_simulations/share/turtlebot3_simulations/environment/ament_prefix_path.dsv
[0.298s] -- Up-to-date symlink: /home/kido/turtlebot3_ws/install/turtlebot3_simulations/share/turtlebot3_simulations/environment/path.sh
[0.299s] -- Up-to-date symlink: /home/kido/turtlebot3_ws/install/turtlebot3_simulations/share/turtlebot3_simulations/environment/path.dsv
[0.299s] -- Up-to-date symlink: /home/kido/turtlebot3_ws/install/turtlebot3_simulations/share/turtlebot3_simulations/local_setup.bash
[0.299s] -- Up-to-date symlink: /home/kido/turtlebot3_ws/install/turtlebot3_simulations/share/turtlebot3_simulations/local_setup.sh
[0.299s] -- Up-to-date symlink: /home/kido/turtlebot3_ws/install/turtlebot3_simulations/share/turtlebot3_simulations/local_setup.zsh
[0.300s] -- Up-to-date symlink: /home/kido/turtlebot3_ws/install/turtlebot3_simulations/share/turtlebot3_simulations/local_setup.dsv
[0.300s] -- Symlinking: /home/kido/turtlebot3_ws/install/turtlebot3_simulations/share/turtlebot3_simulations/package.dsv
[0.310s] -- Up-to-date symlink: /home/kido/turtlebot3_ws/install/turtlebot3_simulations/share/ament_index/resource_index/packages/turtlebot3_simulations
[0.310s] -- Up-to-date symlink: /home/kido/turtlebot3_ws/install/turtlebot3_simulations/share/turtlebot3_simulations/cmake/turtlebot3_simulationsConfig.cmake
[0.311s] -- Up-to-date symlink: /home/kido/turtlebot3_ws/install/turtlebot3_simulations/share/turtlebot3_simulations/cmake/turtlebot3_simulationsConfig-version.cmake
[0.311s] -- Up-to-date symlink: /home/kido/turtlebot3_ws/install/turtlebot3_simulations/share/turtlebot3_simulations/package.xml
[0.326s] Invoked command in '/home/kido/turtlebot3_ws/build/turtlebot3_simulations' returned '0': CMAKE_PREFIX_PATH=/home/kido/turtlebot3_ws/install/turtlebot3_gazebo:/home/kido/turtlebot3_ws/install/turtlebot3_fake_node:/home/kido/turtlebot3_ws/install/turtlebot3_simulations:/opt/ros/foxy CONDA_PROMPT_MODIFIER=(base) /usr/bin/cmake --install /home/kido/turtlebot3_ws/build/turtlebot3_simulations
